<?xml version="1.0" encoding="UTF-8"?>
<!-- Generated by org.testng.reporters.JUnitReportReporter -->
<testsuite hostname="DESKTOP-QED19D2" failures="0" tests="6" name="api.test.runner.Runner" time="3.473" errors="0" timestamp="2022-10-15T17:52:09 PDT" skipped="0">
  <testcase classname="api.test.runner.Runner" name="runScenario" time="2.121"/>
  <system-out/>
  <testcase classname="api.test.runner.Runner" name="runScenario" time="0.137"/>
  <system-out/>
  <testcase classname="api.test.runner.Runner" name="runScenario" time="0.411"/>
  <system-out/>
  <testcase classname="api.test.runner.Runner" name="runScenario" time="0.013"/>
  <system-out/>
  <testcase classname="api.test.runner.Runner" name="runScenario" time="0.389"/>
  <system-out/>
  <testcase classname="api.test.runner.Runner" name="runScenario" time="0.402"/>
  <system-out/>
</testsuite> <!-- api.test.runner.Runner -->
