<?xml version="1.0" encoding="UTF-8"?>
<!-- Generated by org.testng.reporters.JUnitReportReporter -->
<testsuite hostname="DESKTOP-QED19D2" failures="0" tests="1" name="ReqResAPIFramework.LoginSuccesful" time="2.866" errors="0" timestamp="2022-10-15T08:56:11 PDT" skipped="0">
  <testcase classname="ReqResAPIFramework.LoginSuccesful" name="LoginSuccessful" time="2.866"/>
  <system-out/>
</testsuite> <!-- ReqResAPIFramework.LoginSuccesful -->
