<?xml version="1.0" encoding="UTF-8"?>
<!-- Generated by org.testng.reporters.JUnitReportReporter -->
<testsuite hostname="DESKTOP-QED19D2" failures="0" tests="1" name="ReqResAPIFramework.FirstTest" time="2.007" errors="0" timestamp="2022-10-14T22:30:34 PDT" skipped="0">
  <testcase classname="ReqResAPIFramework.FirstTest" name="LoginSuccessful" time="2.007"/>
  <system-out/>
</testsuite> <!-- ReqResAPIFramework.FirstTest -->
