<?xml version="1.0" encoding="UTF-8"?>
<!-- Generated by org.testng.reporters.JUnitReportReporter -->
<testsuite hostname="DESKTOP-QED19D2" failures="0" tests="1" name="ReqResAPIFramework.UpdateUser" time="1.988" errors="0" timestamp="2022-10-15T17:51:22 PDT" skipped="0">
  <testcase classname="ReqResAPIFramework.UpdateUser" name="UpdateUser" time="1.988"/>
  <system-out/>
</testsuite> <!-- ReqResAPIFramework.UpdateUser -->
