<?xml version="1.0" encoding="UTF-8"?>
<!-- Generated by org.testng.reporters.JUnitReportReporter -->
<testsuite hostname="DESKTOP-QED19D2" failures="0" tests="1" name="ReqResAPIFramework.LoginUnsuccessful" time="2.255" errors="0" timestamp="2022-10-14T22:42:09 PDT" skipped="0">
  <testcase classname="ReqResAPIFramework.LoginUnsuccessful" name="LoginUnSuccessful" time="2.255"/>
  <system-out/>
</testsuite> <!-- ReqResAPIFramework.LoginUnsuccessful -->
