<?xml version="1.0" encoding="UTF-8"?>
<!-- Generated by org.testng.reporters.JUnitReportReporter -->
<testsuite hostname="DESKTOP-QED19D2" failures="0" tests="1" name="ReqResAPIFramework.CreateUser" time="1.965" errors="0" timestamp="2022-10-14T23:21:20 PDT" skipped="0">
  <testcase classname="ReqResAPIFramework.CreateUser" name="CreateUser" time="1.965"/>
  <system-out/>
</testsuite> <!-- ReqResAPIFramework.CreateUser -->
