<?xml version="1.0" encoding="UTF-8"?>
<!-- Generated by org.testng.reporters.JUnitReportReporter -->
<testsuite hostname="DESKTOP-QED19D2" failures="0" tests="1" name="ReqResAPIFramework.GetUserDetails" time="2.684" errors="0" timestamp="2022-10-15T14:43:29 PDT" skipped="0">
  <testcase classname="ReqResAPIFramework.GetUserDetails" name="GetSingleUserDetails" time="2.684"/>
  <system-out/>
</testsuite> <!-- ReqResAPIFramework.GetUserDetails -->
